03-27-2017 17:39:16.424 DEBUG h.z.a.g.DoYuanFeng [main] --------同步商品开始----time=-Mon Mar 27 17:39:16 CST 2017-！！！！！！！！！----------------------------------
03-27-2017 17:39:17.801 DEBUG h.z.a.g.DoYuanFeng [main] -----------------商品池页面名字临时库建立开始-----------------
03-27-2017 17:39:18.328 DEBUG h.z.a.g.DoYuanFeng [main] -----------------商品池页面名字临时库建立-结束----------------
03-27-2017 17:39:18.515 DEBUG h.z.a.g.DoYuanFeng [main] -----------------商品标号临时库建立结束-结束----------------
03-27-2017 17:39:18.515 DEBUG h.z.a.g.DoYuanFeng [main] -----------------商品详情临时库建立开始-----------------
03-27-2017 17:39:18.562 DEBUG h.z.a.g.DoYuanFeng [main] -----------------商品详情临时库第1页建立开始-----------------
03-27-2017 17:39:25.460 DEBUG h.z.a.g.DoYuanFeng [main] -----------------商品详情临时库第1页建立结束-----------------
03-27-2017 17:39:25.475 DEBUG h.z.a.g.DoYuanFeng [main] -----------------商品详情临时库建立结束-----------------
03-27-2017 17:39:25.475 DEBUG h.z.a.g.DoYuanFeng [main] -----------------商品上下架临时库建立开始-----------------
03-27-2017 17:39:25.475 DEBUG h.z.a.g.DoYuanFeng [main] -----------------商品上下架临时库第1页建立开始-----------------
03-27-2017 17:39:25.819 DEBUG h.z.a.g.DoYuanFeng [main] -----------------商品上下架临时库第1页建立结束-----------------
03-27-2017 17:39:25.819 DEBUG h.z.a.g.DoYuanFeng [main] -----------------商品上下架临时库建立结束-----------------
03-27-2017 17:39:25.819 DEBUG h.z.a.g.DoYuanFeng [main] -----------------商品图片信息临时库建立开始-----------------
03-27-2017 17:39:25.819 DEBUG h.z.a.g.DoYuanFeng [main] -----------------商品图片信息第1页临时库建立开始-----------------
03-27-2017 17:39:26.324 DEBUG h.z.a.g.DoYuanFeng [main] -----------------商品图片信息第1页临时库建立结束-----------------
03-27-2017 17:39:26.332 DEBUG h.z.a.g.DoYuanFeng [main] -----------------商品图片信息临时库建立结束-----------------
03-27-2017 17:39:26.333 DEBUG h.z.a.g.DoYuanFeng [main] -----------------商品价格临时库建立开始-----------------
03-27-2017 17:39:26.348 DEBUG h.z.a.g.DoYuanFeng [main] -----------------商品价格临时库建立开始第1页-----------------
03-27-2017 17:39:26.692 DEBUG h.z.a.g.DoYuanFeng [main] -----------------商品价格临时库建立结束-----------------
03-27-2017 17:39:26.723 DEBUG h.z.a.g.DoYuanFeng [main] -----------------海商商品表同步开始！-----------------
03-27-2017 17:39:26.723 DEBUG h.z.a.g.DoYuanFeng [main] -----------------海商商品表第1页同步开始！-----------------
03-27-2017 17:39:27.434 DEBUG h.z.a.g.DoYuanFeng [main] -----------------海商商品表同步结束！-----------------
03-27-2017 17:39:27.444 DEBUG h.z.a.g.DoYuanFeng [main] -----------------海商商品规格表同步开始！！-----------------
03-27-2017 17:39:27.445 DEBUG h.z.a.g.DoYuanFeng [main] -----------------海商商品规格表第1页同步开始！！-----------------
03-27-2017 17:39:27.742 DEBUG h.z.a.g.DoYuanFeng [main] -----------------海商商品规格表第2页同步开始！！-----------------
03-27-2017 17:39:27.774 DEBUG h.z.a.g.DoYuanFeng [main] -----------------海商商品规格表同步结束！！-----------------
03-27-2017 17:39:27.774 DEBUG h.z.a.g.DoYuanFeng [main] -------------------11秒----------合计小时数--0小时---------------------
03-27-2017 17:39:27.774 DEBUG h.z.a.g.DoYuanFeng [main] -------Mon Mar 27 17:39:27 CST 2017----------海商商品临时库和规格表同步结束！---------------------
03-27-2017 17:40:37.737 DEBUG h.z.a.g.DoYuanFeng [main] --------同步商品开始----time=-Mon Mar 27 17:40:37 CST 2017-！！！！！！！！！----------------------------------
03-27-2017 17:40:38.698 DEBUG h.z.a.g.DoYuanFeng [main] -----------------商品池页面名字临时库建立开始-----------------
03-27-2017 17:40:39.464 DEBUG h.z.a.g.DoYuanFeng [main] -----------------商品池页面名字临时库建立-结束----------------
03-27-2017 17:40:39.631 DEBUG h.z.a.g.DoYuanFeng [main] -----------------商品标号临时库建立结束-结束----------------
03-27-2017 17:40:39.631 DEBUG h.z.a.g.DoYuanFeng [main] -----------------商品详情临时库建立开始-----------------
03-27-2017 17:40:39.646 DEBUG h.z.a.g.DoYuanFeng [main] -----------------商品详情临时库第1页建立开始-----------------
03-27-2017 17:40:46.445 DEBUG h.z.a.g.DoYuanFeng [main] -----------------商品详情临时库第1页建立结束-----------------
03-27-2017 17:40:46.445 DEBUG h.z.a.g.DoYuanFeng [main] -----------------商品详情临时库建立结束-----------------
03-27-2017 17:40:46.445 DEBUG h.z.a.g.DoYuanFeng [main] -----------------商品上下架临时库建立开始-----------------
03-27-2017 17:40:46.445 DEBUG h.z.a.g.DoYuanFeng [main] -----------------商品上下架临时库第1页建立开始-----------------
03-27-2017 17:40:46.789 DEBUG h.z.a.g.DoYuanFeng [main] -----------------商品上下架临时库第1页建立结束-----------------
03-27-2017 17:40:46.789 DEBUG h.z.a.g.DoYuanFeng [main] -----------------商品上下架临时库建立结束-----------------
03-27-2017 17:40:46.789 DEBUG h.z.a.g.DoYuanFeng [main] -----------------商品图片信息临时库建立开始-----------------
03-27-2017 17:40:46.804 DEBUG h.z.a.g.DoYuanFeng [main] -----------------商品图片信息第1页临时库建立开始-----------------
03-27-2017 17:40:47.293 DEBUG h.z.a.g.DoYuanFeng [main] -----------------商品图片信息第1页临时库建立结束-----------------
03-27-2017 17:40:47.293 DEBUG h.z.a.g.DoYuanFeng [main] -----------------商品图片信息临时库建立结束-----------------
03-27-2017 17:40:47.309 DEBUG h.z.a.g.DoYuanFeng [main] -----------------商品价格临时库建立开始-----------------
03-27-2017 17:40:47.309 DEBUG h.z.a.g.DoYuanFeng [main] -----------------商品价格临时库建立开始第1页-----------------
03-27-2017 17:40:47.637 DEBUG h.z.a.g.DoYuanFeng [main] -----------------商品价格临时库建立结束-----------------
03-27-2017 17:40:47.664 DEBUG h.z.a.g.DoYuanFeng [main] -----------------海商商品表同步开始！-----------------
03-27-2017 17:40:47.664 DEBUG h.z.a.g.DoYuanFeng [main] -----------------海商商品表第1页同步开始！-----------------
03-27-2017 17:40:47.711 DEBUG h.z.a.g.DoYuanFeng [main] ------------------该商品已经存在,开始更新该商品----------------
03-27-2017 17:40:47.742 DEBUG h.z.a.g.DoYuanFeng [main] ------------------该商品已经存在,开始更新该商品----------------
03-27-2017 17:40:47.758 DEBUG h.z.a.g.DoYuanFeng [main] ------------------该商品已经存在,开始更新该商品----------------
03-27-2017 17:40:47.789 DEBUG h.z.a.g.DoYuanFeng [main] ------------------该商品已经存在,开始更新该商品----------------
03-27-2017 17:40:47.805 DEBUG h.z.a.g.DoYuanFeng [main] ------------------该商品已经存在,开始更新该商品----------------
03-27-2017 17:40:47.805 DEBUG h.z.a.g.DoYuanFeng [main] ------------------该商品已经存在,开始更新该商品----------------
03-27-2017 17:40:47.820 DEBUG h.z.a.g.DoYuanFeng [main] ------------------该商品已经存在,开始更新该商品----------------
03-27-2017 17:40:47.836 DEBUG h.z.a.g.DoYuanFeng [main] ------------------该商品已经存在,开始更新该商品----------------
03-27-2017 17:40:47.852 DEBUG h.z.a.g.DoYuanFeng [main] ------------------该商品已经存在,开始更新该商品----------------
03-27-2017 17:40:47.867 DEBUG h.z.a.g.DoYuanFeng [main] ------------------该商品已经存在,开始更新该商品----------------
03-27-2017 17:40:47.883 DEBUG h.z.a.g.DoYuanFeng [main] ------------------该商品已经存在,开始更新该商品----------------
03-27-2017 17:40:47.898 DEBUG h.z.a.g.DoYuanFeng [main] ------------------该商品已经存在,开始更新该商品----------------
03-27-2017 17:40:47.914 DEBUG h.z.a.g.DoYuanFeng [main] ------------------该商品已经存在,开始更新该商品----------------
03-27-2017 17:40:47.930 DEBUG h.z.a.g.DoYuanFeng [main] ------------------该商品已经存在,开始更新该商品----------------
03-27-2017 17:40:47.945 DEBUG h.z.a.g.DoYuanFeng [main] ------------------该商品已经存在,开始更新该商品----------------
03-27-2017 17:40:47.961 DEBUG h.z.a.g.DoYuanFeng [main] ------------------该商品已经存在,开始更新该商品----------------
03-27-2017 17:40:47.977 DEBUG h.z.a.g.DoYuanFeng [main] ------------------该商品已经存在,开始更新该商品----------------
03-27-2017 17:40:47.992 DEBUG h.z.a.g.DoYuanFeng [main] ------------------该商品已经存在,开始更新该商品----------------
03-27-2017 17:40:48.021 DEBUG h.z.a.g.DoYuanFeng [main] ------------------该商品已经存在,开始更新该商品----------------
03-27-2017 17:40:48.027 DEBUG h.z.a.g.DoYuanFeng [main] ------------------该商品已经存在,开始更新该商品----------------
03-27-2017 17:40:48.058 DEBUG h.z.a.g.DoYuanFeng [main] ------------------该商品已经存在,开始更新该商品----------------
03-27-2017 17:40:48.090 DEBUG h.z.a.g.DoYuanFeng [main] ------------------该商品已经存在,开始更新该商品----------------
03-27-2017 17:40:48.121 DEBUG h.z.a.g.DoYuanFeng [main] ------------------该商品已经存在,开始更新该商品----------------
03-27-2017 17:40:48.137 DEBUG h.z.a.g.DoYuanFeng [main] ------------------该商品已经存在,开始更新该商品----------------
03-27-2017 17:40:48.152 DEBUG h.z.a.g.DoYuanFeng [main] ------------------该商品已经存在,开始更新该商品----------------
03-27-2017 17:40:48.168 DEBUG h.z.a.g.DoYuanFeng [main] ------------------该商品已经存在,开始更新该商品----------------
03-27-2017 17:40:48.199 DEBUG h.z.a.g.DoYuanFeng [main] -----------------海商商品表同步结束！-----------------
03-27-2017 17:40:48.199 DEBUG h.z.a.g.DoYuanFeng [main] -----------------海商商品规格表同步开始！！-----------------
03-27-2017 17:40:48.199 DEBUG h.z.a.g.DoYuanFeng [main] -----------------海商商品规格表第1页同步开始！！-----------------
03-27-2017 17:40:48.386 DEBUG h.z.a.g.DoYuanFeng [main] -----------------海商商品规格表第2页同步开始！！-----------------
03-27-2017 17:40:48.418 DEBUG h.z.a.g.DoYuanFeng [main] -----------------海商商品规格表同步结束！！-----------------
03-27-2017 17:40:48.418 DEBUG h.z.a.g.DoYuanFeng [main] -------------------10秒----------合计小时数--0小时---------------------
03-27-2017 17:40:48.418 DEBUG h.z.a.g.DoYuanFeng [main] -------Mon Mar 27 17:40:48 CST 2017----------海商商品临时库和规格表同步结束！---------------------
03-27-2017 17:43:46.234 DEBUG h.z.a.g.DoYuanFeng [main] --------同步商品开始----time=-Mon Mar 27 17:43:46 CST 2017-！！！！！！！！！----------------------------------
03-27-2017 17:43:47.586 DEBUG h.z.a.g.DoYuanFeng [main] -----------------商品池页面名字临时库建立开始-----------------
03-27-2017 17:43:48.230 DEBUG h.z.a.g.DoYuanFeng [main] -----------------商品池页面名字临时库建立-结束----------------
03-27-2017 17:43:48.464 DEBUG h.z.a.g.DoYuanFeng [main] -----------------商品标号临时库建立结束-结束----------------
03-27-2017 17:43:48.464 DEBUG h.z.a.g.DoYuanFeng [main] -----------------商品详情临时库建立开始-----------------
03-27-2017 17:43:48.480 DEBUG h.z.a.g.DoYuanFeng [main] -----------------商品详情临时库第1页建立开始-----------------
03-27-2017 17:43:55.729 DEBUG h.z.a.g.DoYuanFeng [main] -----------------商品详情临时库第1页建立结束-----------------
03-27-2017 17:43:55.729 DEBUG h.z.a.g.DoYuanFeng [main] -----------------商品详情临时库建立结束-----------------
03-27-2017 17:43:55.729 DEBUG h.z.a.g.DoYuanFeng [main] -----------------商品上下架临时库建立开始-----------------
03-27-2017 17:43:55.729 DEBUG h.z.a.g.DoYuanFeng [main] -----------------商品上下架临时库第1页建立开始-----------------
03-27-2017 17:43:56.079 DEBUG h.z.a.g.DoYuanFeng [main] -----------------商品上下架临时库第1页建立结束-----------------
03-27-2017 17:43:56.079 DEBUG h.z.a.g.DoYuanFeng [main] -----------------商品上下架临时库建立结束-----------------
03-27-2017 17:43:56.079 DEBUG h.z.a.g.DoYuanFeng [main] -----------------商品图片信息临时库建立开始-----------------
03-27-2017 17:43:56.079 DEBUG h.z.a.g.DoYuanFeng [main] -----------------商品图片信息第1页临时库建立开始-----------------
03-27-2017 17:43:56.580 DEBUG h.z.a.g.DoYuanFeng [main] -----------------商品图片信息第1页临时库建立结束-----------------
03-27-2017 17:43:56.587 DEBUG h.z.a.g.DoYuanFeng [main] -----------------商品图片信息临时库建立结束-----------------
03-27-2017 17:43:56.588 DEBUG h.z.a.g.DoYuanFeng [main] -----------------商品价格临时库建立开始-----------------
03-27-2017 17:43:56.588 DEBUG h.z.a.g.DoYuanFeng [main] -----------------商品价格临时库建立开始第1页-----------------
03-27-2017 17:43:56.916 DEBUG h.z.a.g.DoYuanFeng [main] -----------------商品价格临时库建立结束-----------------
03-27-2017 17:43:56.947 DEBUG h.z.a.g.DoYuanFeng [main] -----------------海商商品表同步开始！-----------------
03-27-2017 17:43:56.947 DEBUG h.z.a.g.DoYuanFeng [main] -----------------海商商品表第1页同步开始！-----------------
03-27-2017 17:43:57.470 DEBUG h.z.a.g.DoYuanFeng [main] -----------------海商商品表同步结束！-----------------
03-27-2017 17:43:57.470 DEBUG h.z.a.g.DoYuanFeng [main] -----------------海商商品规格表同步开始！！-----------------
03-27-2017 17:43:57.470 DEBUG h.z.a.g.DoYuanFeng [main] -----------------海商商品规格表第1页同步开始！！-----------------
03-27-2017 17:43:57.704 DEBUG h.z.a.g.DoYuanFeng [main] -----------------海商商品规格表第2页同步开始！！-----------------
03-27-2017 17:43:57.722 DEBUG h.z.a.g.DoYuanFeng [main] -----------------海商商品规格表同步结束！！-----------------
03-27-2017 17:43:57.722 DEBUG h.z.a.g.DoYuanFeng [main] -------------------11秒----------合计小时数--0小时---------------------
03-27-2017 17:43:57.722 DEBUG h.z.a.g.DoYuanFeng [main] -------Mon Mar 27 17:43:57 CST 2017----------海商商品临时库和规格表同步结束！---------------------
03-27-2017 17:48:04.813 DEBUG h.z.a.g.DoYuanFeng [main] --------同步商品开始----time=-Mon Mar 27 17:48:04 CST 2017-！！！！！！！！！----------------------------------
03-27-2017 17:48:06.014 DEBUG h.z.a.g.DoYuanFeng [main] -----------------商品池页面名字临时库建立开始-----------------
03-27-2017 17:48:06.440 DEBUG h.z.a.g.DoYuanFeng [main] -----------------商品池页面名字临时库建立-结束----------------
03-27-2017 17:48:06.612 DEBUG h.z.a.g.DoYuanFeng [main] -----------------商品标号临时库建立结束-结束----------------
03-27-2017 17:48:06.612 DEBUG h.z.a.g.DoYuanFeng [main] -----------------商品详情临时库建立开始-----------------
03-27-2017 17:48:06.612 DEBUG h.z.a.g.DoYuanFeng [main] -----------------商品详情临时库第1页建立开始-----------------
03-27-2017 17:48:14.228 DEBUG h.z.a.g.DoYuanFeng [main] -----------------商品详情临时库第1页建立结束-----------------
03-27-2017 17:48:14.228 DEBUG h.z.a.g.DoYuanFeng [main] -----------------商品详情临时库建立结束-----------------
03-27-2017 17:48:14.228 DEBUG h.z.a.g.DoYuanFeng [main] -----------------商品上下架临时库建立开始-----------------
03-27-2017 17:48:14.244 DEBUG h.z.a.g.DoYuanFeng [main] -----------------商品上下架临时库第1页建立开始-----------------
03-27-2017 17:48:14.760 DEBUG h.z.a.g.DoYuanFeng [main] -----------------商品上下架临时库第1页建立结束-----------------
03-27-2017 17:48:14.760 DEBUG h.z.a.g.DoYuanFeng [main] -----------------商品上下架临时库建立结束-----------------
03-27-2017 17:48:14.760 DEBUG h.z.a.g.DoYuanFeng [main] -----------------商品图片信息临时库建立开始-----------------
03-27-2017 17:48:14.775 DEBUG h.z.a.g.DoYuanFeng [main] -----------------商品图片信息第1页临时库建立开始-----------------
03-27-2017 17:48:15.540 DEBUG h.z.a.g.DoYuanFeng [main] -----------------商品图片信息第1页临时库建立结束-----------------
03-27-2017 17:48:15.553 DEBUG h.z.a.g.DoYuanFeng [main] -----------------商品图片信息临时库建立结束-----------------
03-27-2017 17:48:15.554 DEBUG h.z.a.g.DoYuanFeng [main] -----------------商品价格临时库建立开始-----------------
03-27-2017 17:48:15.554 DEBUG h.z.a.g.DoYuanFeng [main] -----------------商品价格临时库建立开始第1页-----------------
03-27-2017 17:48:15.913 DEBUG h.z.a.g.DoYuanFeng [main] -----------------商品价格临时库建立结束-----------------
03-27-2017 17:48:15.944 DEBUG h.z.a.g.DoYuanFeng [main] -----------------海商商品表同步开始！-----------------
03-27-2017 17:48:15.944 DEBUG h.z.a.g.DoYuanFeng [main] -----------------海商商品表第1页同步开始！-----------------
03-27-2017 17:48:16.477 DEBUG h.z.a.g.DoYuanFeng [main] -----------------海商商品表同步结束！-----------------
03-27-2017 17:48:16.477 DEBUG h.z.a.g.DoYuanFeng [main] -----------------海商商品规格表同步开始！！-----------------
03-27-2017 17:48:16.477 DEBUG h.z.a.g.DoYuanFeng [main] -----------------海商商品规格表第1页同步开始！！-----------------
03-27-2017 17:48:16.680 DEBUG h.z.a.g.DoYuanFeng [main] -----------------海商商品规格表第2页同步开始！！-----------------
03-27-2017 17:48:16.706 DEBUG h.z.a.g.DoYuanFeng [main] -----------------海商商品规格表同步结束！！-----------------
03-27-2017 17:48:16.706 DEBUG h.z.a.g.DoYuanFeng [main] -------------------11秒----------合计小时数--0小时---------------------
03-27-2017 17:48:16.706 DEBUG h.z.a.g.DoYuanFeng [main] -------Mon Mar 27 17:48:16 CST 2017----------海商商品临时库和规格表同步结束！---------------------
