03-27-2017 16:00:07.659 DEBUG h.z.a.g.DoYuanFeng [main] --------同步商品开始----time=-Mon Mar 27 16:00:07 CST 2017-！！！！！！！！！----------------------------------
03-27-2017 16:00:08.782 DEBUG h.z.a.g.DoYuanFeng [main] -----------------商品池页面名字临时库建立开始-----------------
03-27-2017 16:00:09.275 DEBUG h.z.a.g.DoYuanFeng [main] -----------------商品池页面名字临时库建立-结束----------------
03-27-2017 16:00:09.441 DEBUG h.z.a.g.DoYuanFeng [main] -----------------商品标号临时库建立结束-结束----------------
03-27-2017 16:00:09.443 DEBUG h.z.a.g.DoYuanFeng [main] -----------------商品详情临时库建立开始-----------------
03-27-2017 16:00:09.471 DEBUG h.z.a.g.DoYuanFeng [main] -----------------商品详情临时库第1页建立开始-----------------
03-27-2017 16:00:16.692 DEBUG h.z.a.g.DoYuanFeng [main] -----------------商品详情临时库第1页建立结束-----------------
03-27-2017 16:00:16.693 DEBUG h.z.a.g.DoYuanFeng [main] -----------------商品详情临时库建立结束-----------------
03-27-2017 16:00:16.695 DEBUG h.z.a.g.DoYuanFeng [main] -----------------商品上下架临时库建立开始-----------------
03-27-2017 16:00:16.699 DEBUG h.z.a.g.DoYuanFeng [main] -----------------商品上下架临时库第1页建立开始-----------------
03-27-2017 16:00:17.045 DEBUG h.z.a.g.DoYuanFeng [main] -----------------商品上下架临时库第1页建立结束-----------------
03-27-2017 16:00:17.045 DEBUG h.z.a.g.DoYuanFeng [main] -----------------商品上下架临时库建立结束-----------------
03-27-2017 16:00:17.047 DEBUG h.z.a.g.DoYuanFeng [main] -----------------商品图片信息临时库建立开始-----------------
03-27-2017 16:00:17.050 DEBUG h.z.a.g.DoYuanFeng [main] -----------------商品图片信息第1页临时库建立开始-----------------
03-27-2017 16:00:17.525 DEBUG h.z.a.g.DoYuanFeng [main] -----------------商品图片信息第1页临时库建立结束-----------------
03-27-2017 16:00:17.526 DEBUG h.z.a.g.DoYuanFeng [main] -----------------商品图片信息临时库建立结束-----------------
03-27-2017 16:00:17.527 DEBUG h.z.a.g.DoYuanFeng [main] -----------------商品价格临时库建立开始-----------------
03-27-2017 16:00:17.531 DEBUG h.z.a.g.DoYuanFeng [main] -----------------商品价格临时库建立开始第1页-----------------
03-27-2017 16:00:17.855 DEBUG h.z.a.g.DoYuanFeng [main] -----------------商品价格临时库建立结束-----------------
03-27-2017 16:00:17.881 DEBUG h.z.a.g.DoYuanFeng [main] -----------------海商商品表同步开始！-----------------
03-27-2017 16:00:17.883 DEBUG h.z.a.g.DoYuanFeng [main] -----------------海商商品表第1页同步开始！-----------------
03-27-2017 16:00:18.414 DEBUG h.z.a.g.DoYuanFeng [main] -----------------海商商品表同步结束！-----------------
03-27-2017 16:00:18.414 DEBUG h.z.a.g.DoYuanFeng [main] -----------------海商商品规格表同步开始！！-----------------
03-27-2017 16:00:18.417 DEBUG h.z.a.g.DoYuanFeng [main] -----------------海商商品规格表第1页同步开始！！-----------------
03-27-2017 16:00:18.664 DEBUG h.z.a.g.DoYuanFeng [main] -----------------海商商品规格表第2页同步开始！！-----------------
03-27-2017 16:00:18.687 DEBUG h.z.a.g.DoYuanFeng [main] -----------------海商商品规格表同步结束！！-----------------
03-27-2017 16:00:18.689 DEBUG h.z.a.g.DoYuanFeng [main] -------------------11秒----------合计小时数--0小时---------------------
03-27-2017 16:00:18.689 DEBUG h.z.a.g.DoYuanFeng [main] -------Mon Mar 27 16:00:18 CST 2017----------海商商品临时库和规格表同步结束！---------------------
